C51 COMPILER V9.52.0.0   LCDINTERFACING                                                    03/30/2017 10:28:18 PAGE 1   


C51 COMPILER V9.52.0.0, COMPILATION OF MODULE LCDINTERFACING
OBJECT MODULE PLACED IN lcdinterfacing.OBJ
COMPILER INVOKED BY: C:\Keil\C51\BIN\C51.EXE lcdinterfacing.c BROWSE DEBUG OBJECTEXTEND TABS(2)

line level    source

   1          #include<reg51.h>
   2          #define LCD P2
   3          sbit rs = P1^0;
   4          sbit rw = P1^1;
   5          sbit e = P1^2;
   6          unsigned char value;
   7          unsigned char *display;
   8          
   9          void msdelay(unsigned int time)
  10          {
  11   1        unsigned int i,j;
  12   1        for(i=0;i<time;i++)
  13   1        {
  14   2          for(j=0;j<1275;j++);
  15   2        }
  16   1      }
  17          void lcdcmd(unsigned char value)
  18          {
  19   1          LCD = value;
  20   1          rs = 0;
  21   1          rw = 0;
  22   1          e = 1;
  23   1          msdelay(1);
  24   1          e=0;
  25   1      }
  26          
  27          void lcddata(unsigned char value)
  28          {
  29   1          LCD = value;
  30   1          rs = 1;
  31   1          rw = 0;
  32   1          e = 1;
  33   1          msdelay(10);
  34   1          e=0;
  35   1      }
  36          
  37          void lcddataa(unsigned char *display)
  38          {
  39   1        unsigned int x;
  40   1        for(x=0;display[x]!=0;x++)
  41   1        {
  42   2          lcddata(display[x]);
  43   2          msdelay(10);
  44   2        }
  45   1        
  46   1      }
  47          
  48          
  49          void main()
  50          {
  51   1        
  52   1        lcdcmd(0x38);
  53   1        msdelay(10);
  54   1        lcdcmd(0x0F);
  55   1        msdelay(10);  
C51 COMPILER V9.52.0.0   LCDINTERFACING                                                    03/30/2017 10:28:18 PAGE 2   

  56   1        lcdcmd(0x80);
  57   1        msdelay(10);  
  58   1        /*lcddata('M');
  59   1        msdelay(10);
  60   1        lcddata('I');
  61   1        msdelay(10);
  62   1        lcddata('L');
  63   1        msdelay(10);
  64   1        lcddata('I');
  65   1        msdelay(10);
  66   1        lcddata('N');
  67   1        msdelay(10);
  68   1        lcddata('D');
  69   1        msdelay(10);
  70   1        
  71   1        lcddata('S');
  72   1        msdelay(10);
  73   1        lcddata('H');
  74   1        msdelay(10);
  75   1        lcddata('A');
  76   1        msdelay(10);
  77   1        lcddata('H');
  78   1        msdelay(10);
  79   1        */
  80   1        lcddataa("MILIND");
  81   1        msdelay(10);
  82   1        lcdcmd(0xC0);
  83   1        msdelay(10);
  84   1        lcddataa("SHAH");
  85   1        msdelay(10);
  86   1        lcdcmd(0x06);
  87   1        msdelay(10);
  88   1        lcdcmd(0x0C);
  89   1        msdelay(10);
  90   1      
  91   1        
  92   1      }


MODULE INFORMATION:   STATIC OVERLAYABLE
   CODE SIZE        =    178    ----
   CONSTANT SIZE    =     12    ----
   XDATA SIZE       =   ----    ----
   PDATA SIZE       =   ----    ----
   DATA SIZE        =      4       5
   IDATA SIZE       =   ----    ----
   BIT SIZE         =   ----    ----
END OF MODULE INFORMATION.


C51 COMPILATION COMPLETE.  0 WARNING(S),  0 ERROR(S)
